<!DOCTYPE html>

<html>
  <head>
  <meta charset='utf-8'>
  <title>TestNG reports</title>

    <link type="text/css" href="testng-reports1.css" rel="stylesheet" id="ultra" />
    <link type="text/css" href="testng-reports.css" rel="stylesheet" id="retro" disabled="false"/>
    <script type="text/javascript" src="jquery.min.js"></script>
    <script type="text/javascript" src="testng-reports.js"></script>
    <script type="text/javascript" src="https://www.google.com/jsapi"></script>
    <script type='text/javascript'>
      google.load('visualization', '1', {packages:['table']});
      google.setOnLoadCallback(drawTable);
      var suiteTableInitFunctions = new Array();
      var suiteTableData = new Array();
    </script>
    <!--
      <script type="text/javascript" src="jquery-ui/js/jquery-ui-1.8.16.custom.min.js"></script>
     -->
  </head>

  <body>
    <div class="top-banner-root">
      <span class="top-banner-title-font">Test results</span>
      <button id="button" class="button">Switch Retro Theme</button> <!-- button -->
      <br/>
      <span class="top-banner-font-1">1 suite, 8 failed tests</span>
    </div> <!-- top-banner-root -->
    <div class="navigator-root">
      <div class="navigator-suite-header">
        <span>All suites</span>
        <a href="#" title="Collapse/expand all the suites" class="collapse-all-link">
          <img src="collapseall.gif" class="collapse-all-icon">
          </img> <!-- collapse-all-icon -->
        </a> <!-- collapse-all-link -->
      </div> <!-- navigator-suite-header -->
      <div class="suite">
        <div class="rounded-window">
          <div class="suite-header light-rounded-window-top">
            <a href="#" panel-name="suite-SampleTest" class="navigator-link">
              <span class="suite-name border-failed">SampleTest</span>
            </a> <!-- navigator-link -->
          </div> <!-- suite-header light-rounded-window-top -->
          <div class="navigator-suite-content">
            <div class="suite-section-title">
              <span>Info</span>
            </div> <!-- suite-section-title -->
            <div class="suite-section-content">
              <ul>
                <li>
                  <a href="#" panel-name="test-xml-SampleTest" class="navigator-link ">
                    <span>C:\Users\shara\eclipse-workspace-tmb-frmwrk\SeleniumAutomationFramework\FirstSampleTest.xml</span>
                  </a> <!-- navigator-link  -->
                </li>
                <li>
                  <a href="#" panel-name="testlist-SampleTest" class="navigator-link ">
                    <span class="test-stats">1 test</span>
                  </a> <!-- navigator-link  -->
                </li>
                <li>
                  <a href="#" panel-name="group-SampleTest" class="navigator-link ">
                    <span>0 groups</span>
                  </a> <!-- navigator-link  -->
                </li>
                <li>
                  <a href="#" panel-name="times-SampleTest" class="navigator-link ">
                    <span>Times</span>
                  </a> <!-- navigator-link  -->
                </li>
                <li>
                  <a href="#" panel-name="reporter-SampleTest" class="navigator-link ">
                    <span>Reporter output</span>
                  </a> <!-- navigator-link  -->
                </li>
                <li>
                  <a href="#" panel-name="ignored-methods-SampleTest" class="navigator-link ">
                    <span>Ignored methods</span>
                  </a> <!-- navigator-link  -->
                </li>
                <li>
                  <a href="#" panel-name="chronological-SampleTest" class="navigator-link ">
                    <span>Chronological view</span>
                  </a> <!-- navigator-link  -->
                </li>
              </ul>
            </div> <!-- suite-section-content -->
            <div class="result-section">
              <div class="suite-section-title">
                <span>Results</span>
              </div> <!-- suite-section-title -->
              <div class="suite-section-content">
                <ul>
                  <li>
                    <span class="method-stats">8 methods, 8 failed,   </span>
                  </li>
                  <li>
                    <span class="method-list-title failed">Failed methods</span>
                    <span class="show-or-hide-methods failed">
                      <a href="#" panel-name="suite-SampleTest" class="hide-methods failed suite-SampleTest"> (hide)</a> <!-- hide-methods failed suite-SampleTest -->
                      <a href="#" panel-name="suite-SampleTest" class="show-methods failed suite-SampleTest"> (show)</a> <!-- show-methods failed suite-SampleTest -->
                    </span>
                    <div class="method-list-content failed suite-SampleTest">
                      <span>
                        <img src="failed.png" width="3%"/>
                        <a href="#" panel-name="suite-SampleTest" title="com.tmb.tests.AmazonTests" class="method navigator-link" hash-for-method="demoAmazonTest({password=&#039;, testname=demoAmazonTest, execute=yes, browser=firefox, username=&#039;})">demoAmazonTest({password=', testname=demoAmazonTest, execute=yes, browser=firefox, username='})</a> <!-- method navigator-link -->
                      </span>
                      <br/>
                      <span>
                        <img src="failed.png" width="3%"/>
                        <a href="#" panel-name="suite-SampleTest" title="com.tmb.tests.OrangeHRMTests" class="method navigator-link" hash-for-method="newTest({password=admin123, testname=newTest, execute=yes, browser=firefox, username=Admin})">newTest({password=admin123, testname=newTest, execute=yes, browser=firefox, username=Admin})</a> <!-- method navigator-link -->
                      </span>
                      <br/>
                      <span>
                        <img src="failed.png" width="3%"/>
                        <a href="#" panel-name="suite-SampleTest" title="com.tmb.tests.OrangeHRMTests" class="method navigator-link" hash-for-method="newTest({password=admi, testname=newTest, execute=yes, browser=chrome, username=abch1})">newTest({password=admi, testname=newTest, execute=yes, browser=chrome, username=abch1})</a> <!-- method navigator-link -->
                      </span>
                      <br/>
                      <span>
                        <img src="failed.png" width="3%"/>
                        <a href="#" panel-name="suite-SampleTest" title="com.tmb.tests.OrangeHRMTests" class="method navigator-link" hash-for-method="newTest({password=admin123, testname=newTest, execute=yes, browser=edge, username=Admin})">newTest({password=admin123, testname=newTest, execute=yes, browser=edge, username=Admin})</a> <!-- method navigator-link -->
                      </span>
                      <br/>
                      <span>
                        <img src="failed.png" width="3%"/>
                        <a href="#" panel-name="suite-SampleTest" title="com.tmb.tests.OrangeHRMTests" class="method navigator-link" hash-for-method="test({password=&#039;, testname=test, execute=yes, browser=chrome, username=&#039;})">test({password=', testname=test, execute=yes, browser=chrome, username='})</a> <!-- method navigator-link -->
                      </span>
                      <br/>
                      <span>
                        <img src="failed.png" width="3%"/>
                        <a href="#" panel-name="suite-SampleTest" title="com.tmb.tests.OrangeHRMTests" class="method navigator-link" hash-for-method="validateLoginLogout({password=admin, testname=validateLoginLogout, execute=yes, browser=edge, username=abch2})">validateLoginLogout({password=admin, testname=validateLoginLogout, execute=yes, browser=edge, username=abch2})</a> <!-- method navigator-link -->
                      </span>
                      <br/>
                      <span>
                        <img src="failed.png" width="3%"/>
                        <a href="#" panel-name="suite-SampleTest" title="com.tmb.tests.OrangeHRMTests" class="method navigator-link" hash-for-method="validateLoginLogout({password=admin123, testname=validateLoginLogout, execute=yes, browser=firefox, username=Admin})">validateLoginLogout({password=admin123, testname=validateLoginLogout, execute=yes, browser=firefox, username=Admin})</a> <!-- method navigator-link -->
                      </span>
                      <br/>
                      <span>
                        <img src="failed.png" width="3%"/>
                        <a href="#" panel-name="suite-SampleTest" title="com.tmb.tests.OrangeHRMTests" class="method navigator-link" hash-for-method="validateLoginLogout({password=admin123, testname=validateLoginLogout, execute=yes, browser=chrome, username=Admin})">validateLoginLogout({password=admin123, testname=validateLoginLogout, execute=yes, browser=chrome, username=Admin})</a> <!-- method navigator-link -->
                      </span>
                      <br/>
                    </div> <!-- method-list-content failed suite-SampleTest -->
                  </li>
                </ul>
              </div> <!-- suite-section-content -->
            </div> <!-- result-section -->
          </div> <!-- navigator-suite-content -->
        </div> <!-- rounded-window -->
      </div> <!-- suite -->
    </div> <!-- navigator-root -->
    <div class="wrapper">
      <div class="main-panel-root">
        <div panel-name="suite-SampleTest" class="panel SampleTest">
          <div class="suite-SampleTest-class-failed">
            <div class="main-panel-header rounded-window-top">
              <img src="failed.png"/>
              <span class="class-name">com.tmb.tests.AmazonTests</span>
            </div> <!-- main-panel-header rounded-window-top -->
            <div class="main-panel-content rounded-window-bottom">
              <div class="method">
                <div class="method-content">
                  <a name="demoAmazonTest({password=&#039;, testname=demoAmazonTest, execute=yes, browser=firefox, username=&#039;})">
                  </a> <!-- demoAmazonTest({password=', testname=demoAmazonTest, execute=yes, browser=firefox, username='}) -->
                  <span class="method-name">demoAmazonTest</span>
                  <span class="parameters">({password=', testname=demoAmazonTest, execute=yes, browser=firefox, username='})</span>
                  <div class="stack-trace">org.openqa.selenium.TimeoutException: Expected condition failed: waiting for element to be clickable: By.xpath: //a[@id=&apos;nav-hamburger-menu&apos;] (tried for 15 second(s) with 500 milliseconds interval)
Build info: version: &apos;4.1.2&apos;, revision: &apos;9a5a329c5a&apos;
System info: host: &apos;LAPTOP-J15UI2E7&apos;, ip: &apos;192.168.0.111&apos;, os.name: &apos;Windows 10&apos;, os.arch: &apos;amd64&apos;, os.version: &apos;10.0&apos;, java.version: &apos;16.0.1&apos;
Driver info: org.openqa.selenium.firefox.FirefoxDriver
Capabilities {acceptInsecureCerts: true, browserName: firefox, browserVersion: 97.0.2, javascriptEnabled: true, moz:accessibilityChecks: false, moz:buildID: 20220304162637, moz:debuggerAddress: localhost:49629, moz:geckodriverVersion: 0.30.0, moz:headless: false, moz:processID: 23412, moz:profile: C:\Users\shara\AppData\Loca..., moz:shutdownTimeout: 60000, moz:useNonSpecCompliantPointerOrigin: false, moz:webdriverClick: true, pageLoadStrategy: normal, platform: WINDOWS, platformName: WINDOWS, platformVersion: 10.0, proxy: Proxy(), se:cdp: ws://localhost:49629/devtoo..., se:cdpVersion: 85.0, setWindowRect: true, strictFileInteractability: false, timeouts: {implicit: 0, pageLoad: 300000, script: 30000}, unhandledPromptBehavior: dismiss and notify}
Session ID: 943ac426-9d0e-4773-8c9e-f2a4c842e785
	at org.openqa.selenium.support.ui.WebDriverWait.timeoutException(WebDriverWait.java:138)
	at org.openqa.selenium.support.ui.FluentWait.until(FluentWait.java:231)
	at com.tmb.factories.ExplicitWaitFactory.performExplicitWait(ExplicitWaitFactory.java:22)
	at com.tmb.pages.BasePage.doClick(BasePage.java:29)
	at com.tmb.pages.AmazonHomePage.clickHamburgerMenu(AmazonHomePage.java:13)
	at com.tmb.tests.AmazonTests.demoAmazonTest(AmazonTests.java:23)
	at java.base/java.util.concurrent.FutureTask.run(FutureTask.java:264)
	at java.base/java.util.concurrent.Executors$RunnableAdapter.call(Executors.java:515)
	at java.base/java.util.concurrent.FutureTask.run(FutureTask.java:264)
	at java.base/java.util.concurrent.ThreadPoolExecutor.runWorker(ThreadPoolExecutor.java:1130)
	at java.base/java.util.concurrent.ThreadPoolExecutor$Worker.run(ThreadPoolExecutor.java:630)
	at java.base/java.lang.Thread.run(Thread.java:831)
... Removed 9 stack frames
</div> <!-- stack-trace -->
                  <em>
(Amazon Link Test)                  </em>
                </div> <!-- method-content -->
              </div> <!-- method -->
            </div> <!-- main-panel-content rounded-window-bottom -->
          </div> <!-- suite-SampleTest-class-failed -->
          <div class="suite-SampleTest-class-failed">
            <div class="main-panel-header rounded-window-top">
              <img src="failed.png"/>
              <span class="class-name">com.tmb.tests.OrangeHRMTests</span>
            </div> <!-- main-panel-header rounded-window-top -->
            <div class="main-panel-content rounded-window-bottom">
              <div class="method">
                <div class="method-content">
                  <a name="newTest({password=admin123, testname=newTest, execute=yes, browser=firefox, username=Admin})">
                  </a> <!-- newTest({password=admin123, testname=newTest, execute=yes, browser=firefox, username=Admin}) -->
                  <span class="method-name">newTest</span>
                  <span class="parameters">({password=admin123, testname=newTest, execute=yes, browser=firefox, username=Admin})</span>
                  <div class="stack-trace">java.lang.AssertionError: 
expected: &quot;https://opensource-demo.orangehrmlive.com/index.php/dashboard&quot;
 but was: &quot;https://opensource-demo.orangehrmlive.com/index.php/auth/validateCredentials&quot;
	at com.tmb.tests.OrangeHRMTests.newTest(OrangeHRMTests.java:47)
	at java.base/java.util.concurrent.FutureTask.run(FutureTask.java:264)
	at java.base/java.util.concurrent.Executors$RunnableAdapter.call(Executors.java:515)
	at java.base/java.util.concurrent.FutureTask.run(FutureTask.java:264)
	at java.base/java.util.concurrent.ThreadPoolExecutor.runWorker(ThreadPoolExecutor.java:1130)
	at java.base/java.util.concurrent.ThreadPoolExecutor$Worker.run(ThreadPoolExecutor.java:630)
	at java.base/java.lang.Thread.run(Thread.java:831)
... Removed 9 stack frames
</div> <!-- stack-trace -->
                  <em>
(Kotha Test Mawa)                  </em>
                </div> <!-- method-content -->
              </div> <!-- method -->
              <div class="method">
                <div class="method-content">
                  <a name="newTest({password=admi, testname=newTest, execute=yes, browser=chrome, username=abch1})">
                  </a> <!-- newTest({password=admi, testname=newTest, execute=yes, browser=chrome, username=abch1}) -->
                  <span class="method-name">newTest</span>
                  <span class="parameters">({password=admi, testname=newTest, execute=yes, browser=chrome, username=abch1})</span>
                  <div class="stack-trace">java.lang.AssertionError: 
expected: &quot;https://opensource-demo.orangehrmlive.com/index.php/dashboard&quot;
 but was: &quot;https://opensource-demo.orangehrmlive.com/index.php/auth/validateCredentials&quot;
	at com.tmb.tests.OrangeHRMTests.newTest(OrangeHRMTests.java:47)
	at java.base/java.util.concurrent.FutureTask.run(FutureTask.java:264)
	at java.base/java.util.concurrent.Executors$RunnableAdapter.call(Executors.java:515)
	at java.base/java.util.concurrent.FutureTask.run(FutureTask.java:264)
	at java.base/java.util.concurrent.ThreadPoolExecutor.runWorker(ThreadPoolExecutor.java:1130)
	at java.base/java.util.concurrent.ThreadPoolExecutor$Worker.run(ThreadPoolExecutor.java:630)
	at java.base/java.lang.Thread.run(Thread.java:831)
... Removed 9 stack frames
</div> <!-- stack-trace -->
                  <em>
(Kotha Test Mawa)                  </em>
                </div> <!-- method-content -->
              </div> <!-- method -->
              <div class="method">
                <div class="method-content">
                  <a name="newTest({password=admin123, testname=newTest, execute=yes, browser=edge, username=Admin})">
                  </a> <!-- newTest({password=admin123, testname=newTest, execute=yes, browser=edge, username=Admin}) -->
                  <span class="method-name">newTest</span>
                  <span class="parameters">({password=admin123, testname=newTest, execute=yes, browser=edge, username=Admin})</span>
                  <div class="stack-trace">java.lang.AssertionError: 
expected: &quot;https://opensource-demo.orangehrmlive.com/index.php/dashboard&quot;
 but was: &quot;https://opensource-demo.orangehrmlive.com/index.php/auth/validateCredentials&quot;
	at com.tmb.tests.OrangeHRMTests.newTest(OrangeHRMTests.java:47)
	at java.base/java.util.concurrent.FutureTask.run(FutureTask.java:264)
	at java.base/java.util.concurrent.Executors$RunnableAdapter.call(Executors.java:515)
	at java.base/java.util.concurrent.FutureTask.run(FutureTask.java:264)
	at java.base/java.util.concurrent.ThreadPoolExecutor.runWorker(ThreadPoolExecutor.java:1130)
	at java.base/java.util.concurrent.ThreadPoolExecutor$Worker.run(ThreadPoolExecutor.java:630)
	at java.base/java.lang.Thread.run(Thread.java:831)
... Removed 9 stack frames
</div> <!-- stack-trace -->
                  <em>
(Kotha Test Mawa)                  </em>
                </div> <!-- method-content -->
              </div> <!-- method -->
              <div class="method">
                <div class="method-content">
                  <a name="test({password=&#039;, testname=test, execute=yes, browser=chrome, username=&#039;})">
                  </a> <!-- test({password=', testname=test, execute=yes, browser=chrome, username='}) -->
                  <span class="method-name">test</span>
                  <span class="parameters">({password=', testname=test, execute=yes, browser=chrome, username='})</span>
                  <div class="stack-trace">java.lang.AssertionError: expected [true] but found [false]
	at com.tmb.tests.OrangeHRMTests.test(OrangeHRMTests.java:58)
	at java.base/java.util.concurrent.FutureTask.run(FutureTask.java:264)
	at java.base/java.util.concurrent.Executors$RunnableAdapter.call(Executors.java:515)
	at java.base/java.util.concurrent.FutureTask.run(FutureTask.java:264)
	at java.base/java.util.concurrent.ThreadPoolExecutor.runWorker(ThreadPoolExecutor.java:1130)
	at java.base/java.util.concurrent.ThreadPoolExecutor$Worker.run(ThreadPoolExecutor.java:630)
	at java.base/java.lang.Thread.run(Thread.java:831)
... Removed 13 stack frames
</div> <!-- stack-trace -->
                  <em>
(edo okati)                  </em>
                </div> <!-- method-content -->
              </div> <!-- method -->
              <div class="method">
                <div class="method-content">
                  <a name="validateLoginLogout({password=admin, testname=validateLoginLogout, execute=yes, browser=edge, username=abch2})">
                  </a> <!-- validateLoginLogout({password=admin, testname=validateLoginLogout, execute=yes, browser=edge, username=abch2}) -->
                  <span class="method-name">validateLoginLogout</span>
                  <span class="parameters">({password=admin, testname=validateLoginLogout, execute=yes, browser=edge, username=abch2})</span>
                  <div class="stack-trace">java.lang.AssertionError: 
expected: &quot;https://opensource-demo.orangehrmlive.com/index.php/dashboard&quot;
 but was: &quot;https://opensource-demo.orangehrmlive.com/index.php/auth/validateCredentials&quot;
	at com.tmb.tests.OrangeHRMTests.validateLoginLogout(OrangeHRMTests.java:29)
	at java.base/java.util.concurrent.FutureTask.run(FutureTask.java:264)
	at java.base/java.util.concurrent.Executors$RunnableAdapter.call(Executors.java:515)
	at java.base/java.util.concurrent.FutureTask.run(FutureTask.java:264)
	at java.base/java.util.concurrent.ThreadPoolExecutor.runWorker(ThreadPoolExecutor.java:1130)
	at java.base/java.util.concurrent.ThreadPoolExecutor$Worker.run(ThreadPoolExecutor.java:630)
	at java.base/java.lang.Thread.run(Thread.java:831)
... Removed 9 stack frames
</div> <!-- stack-trace -->
                  <em>
(path test mawa)                  </em>
                </div> <!-- method-content -->
              </div> <!-- method -->
              <div class="method">
                <div class="method-content">
                  <a name="validateLoginLogout({password=admin123, testname=validateLoginLogout, execute=yes, browser=firefox, username=Admin})">
                  </a> <!-- validateLoginLogout({password=admin123, testname=validateLoginLogout, execute=yes, browser=firefox, username=Admin}) -->
                  <span class="method-name">validateLoginLogout</span>
                  <span class="parameters">({password=admin123, testname=validateLoginLogout, execute=yes, browser=firefox, username=Admin})</span>
                  <div class="stack-trace">java.lang.AssertionError: 
expected: &quot;https://opensource-demo.orangehrmlive.com/index.php/dashboard&quot;
 but was: &quot;https://opensource-demo.orangehrmlive.com/index.php/auth/validateCredentials&quot;
	at com.tmb.tests.OrangeHRMTests.validateLoginLogout(OrangeHRMTests.java:29)
	at java.base/java.util.concurrent.FutureTask.run(FutureTask.java:264)
	at java.base/java.util.concurrent.Executors$RunnableAdapter.call(Executors.java:515)
	at java.base/java.util.concurrent.FutureTask.run(FutureTask.java:264)
	at java.base/java.util.concurrent.ThreadPoolExecutor.runWorker(ThreadPoolExecutor.java:1130)
	at java.base/java.util.concurrent.ThreadPoolExecutor$Worker.run(ThreadPoolExecutor.java:630)
	at java.base/java.lang.Thread.run(Thread.java:831)
... Removed 9 stack frames
</div> <!-- stack-trace -->
                  <em>
(path test mawa)                  </em>
                </div> <!-- method-content -->
              </div> <!-- method -->
              <div class="method">
                <div class="method-content">
                  <a name="validateLoginLogout({password=admin123, testname=validateLoginLogout, execute=yes, browser=chrome, username=Admin})">
                  </a> <!-- validateLoginLogout({password=admin123, testname=validateLoginLogout, execute=yes, browser=chrome, username=Admin}) -->
                  <span class="method-name">validateLoginLogout</span>
                  <span class="parameters">({password=admin123, testname=validateLoginLogout, execute=yes, browser=chrome, username=Admin})</span>
                  <div class="stack-trace">java.lang.AssertionError: 
expected: &quot;https://opensource-demo.orangehrmlive.com/index.php/dashboard&quot;
 but was: &quot;https://opensource-demo.orangehrmlive.com/index.php/auth/validateCredentials&quot;
	at com.tmb.tests.OrangeHRMTests.validateLoginLogout(OrangeHRMTests.java:29)
	at java.base/java.util.concurrent.FutureTask.run(FutureTask.java:264)
	at java.base/java.util.concurrent.Executors$RunnableAdapter.call(Executors.java:515)
	at java.base/java.util.concurrent.FutureTask.run(FutureTask.java:264)
	at java.base/java.util.concurrent.ThreadPoolExecutor.runWorker(ThreadPoolExecutor.java:1130)
	at java.base/java.util.concurrent.ThreadPoolExecutor$Worker.run(ThreadPoolExecutor.java:630)
	at java.base/java.lang.Thread.run(Thread.java:831)
... Removed 9 stack frames
</div> <!-- stack-trace -->
                  <em>
(path test mawa)                  </em>
                </div> <!-- method-content -->
              </div> <!-- method -->
            </div> <!-- main-panel-content rounded-window-bottom -->
          </div> <!-- suite-SampleTest-class-failed -->
        </div> <!-- panel SampleTest -->
        <div panel-name="test-xml-SampleTest" class="panel">
          <div class="main-panel-header rounded-window-top">
            <span class="header-content">C:\Users\shara\eclipse-workspace-tmb-frmwrk\SeleniumAutomationFramework\FirstSampleTest.xml</span>
          </div> <!-- main-panel-header rounded-window-top -->
          <div class="main-panel-content rounded-window-bottom">
            <pre>
&lt;?xml version=&quot;1.0&quot; encoding=&quot;UTF-8&quot;?&gt;
&lt;!DOCTYPE suite SYSTEM &quot;https://testng.org/testng-1.0.dtd&quot;&gt;
&lt;suite data-provider-thread-count=&quot;2&quot; name=&quot;SampleTest&quot; guice-stage=&quot;DEVELOPMENT&quot;&gt;
  &lt;listeners&gt;
    &lt;listener class-name=&quot;com.tmb.listeners.ListenerClass&quot;/&gt;
    &lt;listener class-name=&quot;com.tmb.listeners.MethodInterceptor&quot;/&gt;
    &lt;listener class-name=&quot;com.tmb.listeners.AnnotationTransformer&quot;/&gt;
  &lt;/listeners&gt;
  &lt;test thread-count=&quot;2&quot; parallel=&quot;methods&quot; name=&quot;SampleTest&quot;&gt;
    &lt;classes&gt;
      &lt;class name=&quot;com.tmb.tests.OrangeHRMTests&quot;/&gt;
      &lt;class name=&quot;com.tmb.tests.AmazonTests&quot;/&gt;
    &lt;/classes&gt;
  &lt;/test&gt; &lt;!-- SampleTest --&gt;
&lt;/suite&gt; &lt;!-- SampleTest --&gt;
            </pre>
          </div> <!-- main-panel-content rounded-window-bottom -->
        </div> <!-- panel -->
        <div panel-name="testlist-SampleTest" class="panel">
          <div class="main-panel-header rounded-window-top">
            <span class="header-content">Tests for SampleTest</span>
          </div> <!-- main-panel-header rounded-window-top -->
          <div class="main-panel-content rounded-window-bottom">
            <ul>
              <li>
                <span class="test-name">SampleTest (2 classes)</span>
              </li>
            </ul>
          </div> <!-- main-panel-content rounded-window-bottom -->
        </div> <!-- panel -->
        <div panel-name="group-SampleTest" class="panel">
          <div class="main-panel-header rounded-window-top">
            <span class="header-content">Groups for SampleTest</span>
          </div> <!-- main-panel-header rounded-window-top -->
          <div class="main-panel-content rounded-window-bottom">
          </div> <!-- main-panel-content rounded-window-bottom -->
        </div> <!-- panel -->
        <div panel-name="times-SampleTest" class="panel">
          <div class="main-panel-header rounded-window-top">
            <span class="header-content">Times for SampleTest</span>
          </div> <!-- main-panel-header rounded-window-top -->
          <div class="main-panel-content rounded-window-bottom">
            <div class="times-div">
              <script type="text/javascript">
suiteTableInitFunctions.push('tableData_SampleTest');
function tableData_SampleTest() {
var data = new google.visualization.DataTable();
data.addColumn('number', 'Number');
data.addColumn('string', 'Method');
data.addColumn('string', 'Class');
data.addColumn('number', 'Time (ms)');
data.addRows(8);
data.setCell(0, 0, 0)
data.setCell(0, 1, 'demoAmazonTest')
data.setCell(0, 2, 'com.tmb.tests.AmazonTests')
data.setCell(0, 3, 15522);
data.setCell(1, 0, 1)
data.setCell(1, 1, 'newTest')
data.setCell(1, 2, 'com.tmb.tests.OrangeHRMTests')
data.setCell(1, 3, 2477);
data.setCell(2, 0, 2)
data.setCell(2, 1, 'newTest')
data.setCell(2, 2, 'com.tmb.tests.OrangeHRMTests')
data.setCell(2, 3, 2243);
data.setCell(3, 0, 3)
data.setCell(3, 1, 'newTest')
data.setCell(3, 2, 'com.tmb.tests.OrangeHRMTests')
data.setCell(3, 3, 2196);
data.setCell(4, 0, 4)
data.setCell(4, 1, 'validateLoginLogout')
data.setCell(4, 2, 'com.tmb.tests.OrangeHRMTests')
data.setCell(4, 3, 2162);
data.setCell(5, 0, 5)
data.setCell(5, 1, 'validateLoginLogout')
data.setCell(5, 2, 'com.tmb.tests.OrangeHRMTests')
data.setCell(5, 3, 1930);
data.setCell(6, 0, 6)
data.setCell(6, 1, 'validateLoginLogout')
data.setCell(6, 2, 'com.tmb.tests.OrangeHRMTests')
data.setCell(6, 3, 1855);
data.setCell(7, 0, 7)
data.setCell(7, 1, 'test')
data.setCell(7, 2, 'com.tmb.tests.OrangeHRMTests')
data.setCell(7, 3, 27);
window.suiteTableData['SampleTest']= { tableData: data, tableDiv: 'times-div-SampleTest'}
return data;
}
              </script>
              <span class="suite-total-time">Total running time: 28 seconds</span>
              <div id="times-div-SampleTest">
              </div> <!-- times-div-SampleTest -->
            </div> <!-- times-div -->
          </div> <!-- main-panel-content rounded-window-bottom -->
        </div> <!-- panel -->
        <div panel-name="reporter-SampleTest" class="panel">
          <div class="main-panel-header rounded-window-top">
            <span class="header-content">Reporter output for SampleTest</span>
          </div> <!-- main-panel-header rounded-window-top -->
          <div class="main-panel-content rounded-window-bottom">
          </div> <!-- main-panel-content rounded-window-bottom -->
        </div> <!-- panel -->
        <div panel-name="ignored-methods-SampleTest" class="panel">
          <div class="main-panel-header rounded-window-top">
            <span class="header-content">0 ignored methods</span>
          </div> <!-- main-panel-header rounded-window-top -->
          <div class="main-panel-content rounded-window-bottom">
          </div> <!-- main-panel-content rounded-window-bottom -->
        </div> <!-- panel -->
        <div panel-name="chronological-SampleTest" class="panel">
          <div class="main-panel-header rounded-window-top">
            <span class="header-content">Methods in chronological order</span>
          </div> <!-- main-panel-header rounded-window-top -->
          <div class="main-panel-content rounded-window-bottom">
            <div class="chronological-class">
              <div class="chronological-class-name">com.tmb.tests.OrangeHRMTests</div> <!-- chronological-class-name -->
              <div class="configuration-method before">
                <span class="method-name">setUp([{password=admin123, browser=firefox, testname=newTest, execute=yes, username=Admin}], public void c...)</span>
                <span class="method-start">0 ms</span>
              </div> <!-- configuration-method before -->
              <div class="configuration-method before">
                <span class="method-name">setUp([{password=', browser=chrome, testname=test, execute=yes, username='}], public void com.tmb.tests.Or...)</span>
                <span class="method-start">0 ms</span>
              </div> <!-- configuration-method before -->
              <div class="configuration-method before">
                <span class="method-name">setUp([{password=admi, browser=chrome, testname=newTest, execute=yes, username=abch1}], public void com.tm...)</span>
                <span class="method-start">0 ms</span>
              </div> <!-- configuration-method before -->
              <div class="test-method">
                <img src="failed.png">
                </img>
                <span class="method-name">newTest({password=admin123, testname=newTest, execute=yes, browser=firefox, username=Admin})</span>
                <span class="method-start">20532 ms</span>
              </div> <!-- test-method -->
              <div class="test-method">
                <img src="failed.png">
                </img>
                <span class="method-name">newTest({password=admi, testname=newTest, execute=yes, browser=chrome, username=abch1})</span>
                <span class="method-start">22501 ms</span>
              </div> <!-- test-method -->
              <div class="test-method">
                <img src="failed.png">
                </img>
                <span class="method-name">test({password=', testname=test, execute=yes, browser=chrome, username='})</span>
                <span class="method-start">22966 ms</span>
              </div> <!-- test-method -->
              <div class="configuration-method after">
                <span class="method-name">tearDown</span>
                <span class="method-start">23228 ms</span>
              </div> <!-- configuration-method after -->
              <div class="configuration-method after">
                <span class="method-name">tearDown</span>
                <span class="method-start">23336 ms</span>
              </div> <!-- configuration-method after -->
              <div class="configuration-method before">
                <span class="method-name">setUp([{password=admin123, browser=chrome, testname=validateLoginLogout, execute=yes, username=Admin}], pu...)</span>
                <span class="method-start">23973 ms</span>
              </div> <!-- configuration-method before -->
              <div class="configuration-method before">
                <span class="method-name">setUp([{password=admin, browser=edge, testname=validateLoginLogout, execute=yes, username=abch2}], public ...)</span>
                <span class="method-start">23973 ms</span>
              </div> <!-- configuration-method before -->
              <div class="configuration-method after">
                <span class="method-name">tearDown</span>
                <span class="method-start">24941 ms</span>
              </div> <!-- configuration-method after -->
              <div class="configuration-method before">
                <span class="method-name">setUp([{password=admin123, browser=edge, testname=newTest, execute=yes, username=Admin}], public void com....)</span>
                <span class="method-start">26193 ms</span>
              </div> <!-- configuration-method before -->
              <div class="test-method">
                <img src="failed.png">
                </img>
                <span class="method-name">newTest({password=admin123, testname=newTest, execute=yes, browser=edge, username=Admin})</span>
                <span class="method-start">44977 ms</span>
              </div> <!-- test-method -->
              <div class="test-method">
                <img src="failed.png">
                </img>
                <span class="method-name">validateLoginLogout({password=admin123, testname=validateLoginLogout, execute=yes, browser=chrome, username=Admin})</span>
                <span class="method-start">44988 ms</span>
              </div> <!-- test-method -->
              <div class="test-method">
                <img src="failed.png">
                </img>
                <span class="method-name">validateLoginLogout({password=admin, testname=validateLoginLogout, execute=yes, browser=edge, username=abch2})</span>
                <span class="method-start">46172 ms</span>
              </div> <!-- test-method -->
              <div class="configuration-method after">
                <span class="method-name">tearDown</span>
                <span class="method-start">47365 ms</span>
              </div> <!-- configuration-method after -->
              <div class="configuration-method after">
                <span class="method-name">tearDown</span>
                <span class="method-start">47431 ms</span>
              </div> <!-- configuration-method after -->
            </div> <!-- chronological-class -->
            <div class="chronological-class">
              <div class="chronological-class-name">com.tmb.tests.AmazonTests</div> <!-- chronological-class-name -->
              <div class="configuration-method before">
                <span class="method-name">setUp([{password=', browser=firefox, testname=demoAmazonTest, execute=yes, username='}], public void com.t...)</span>
                <span class="method-start">48345 ms</span>
              </div> <!-- configuration-method before -->
            </div> <!-- chronological-class -->
            <div class="chronological-class">
              <div class="chronological-class-name">com.tmb.tests.OrangeHRMTests</div> <!-- chronological-class-name -->
              <div class="configuration-method after">
                <span class="method-name">tearDown</span>
                <span class="method-start">48365 ms</span>
              </div> <!-- configuration-method after -->
              <div class="configuration-method before">
                <span class="method-name">setUp([{password=admin123, browser=firefox, testname=validateLoginLogout, execute=yes, username=Admin}], p...)</span>
                <span class="method-start">48718 ms</span>
              </div> <!-- configuration-method before -->
              <div class="test-method">
                <img src="failed.png">
                </img>
                <span class="method-name">validateLoginLogout({password=admin123, testname=validateLoginLogout, execute=yes, browser=firefox, username=Admin})</span>
                <span class="method-start">71732 ms</span>
              </div> <!-- test-method -->
            </div> <!-- chronological-class -->
            <div class="chronological-class">
              <div class="chronological-class-name">com.tmb.tests.AmazonTests</div> <!-- chronological-class-name -->
              <div class="test-method">
                <img src="failed.png">
                </img>
                <span class="method-name">demoAmazonTest({password=', testname=demoAmazonTest, execute=yes, browser=firefox, username='})</span>
                <span class="method-start">72944 ms</span>
              </div> <!-- test-method -->
            </div> <!-- chronological-class -->
            <div class="chronological-class">
              <div class="chronological-class-name">com.tmb.tests.OrangeHRMTests</div> <!-- chronological-class-name -->
              <div class="configuration-method after">
                <span class="method-name">tearDown</span>
                <span class="method-start">75712 ms</span>
              </div> <!-- configuration-method after -->
            </div> <!-- chronological-class -->
            <div class="chronological-class">
              <div class="chronological-class-name">com.tmb.tests.AmazonTests</div> <!-- chronological-class-name -->
              <div class="configuration-method after">
                <span class="method-name">tearDown</span>
                <span class="method-start">89276 ms</span>
              </div> <!-- configuration-method after -->
          </div> <!-- main-panel-content rounded-window-bottom -->
        </div> <!-- panel -->
      </div> <!-- main-panel-root -->
    </div> <!-- wrapper -->
  </body>
<script type="text/javascript" src="testng-reports2.js"></script>
</html>
